
ROM used:   98/8192 (1%)
            98/8192 (1%) including unused fragments

            0.1 Average locations per line
            6.5 Average locations per statement

RAM used:   8/368 (2%) at main() level
            8/368 (2%) worst case

Stack used: 0 worst case (0 in main + 0 for interrupts)
Stack size: 8

Lines Stmts  %   Files
----- ----- ---  -----
   33    15 100  nutnhankhongchongdoi.c
  810     0   0  C:\Program Files (x86)\PICC\Devices\16F887.h
----- -----
  843    15 Total

Page ROM  %  RAM    Vol Diff  Functions:
---- --- --- ---    --- ----  ----------
0     22  22    1             @delay_ms1
0     72  73    1    318  3.7  main
 Inline         0             @cinit1

Program metrics:
    Functions               1
    Statements              15
    Comments                135
    Volume (V)              323
    Difficulty (D)          3.4
    Effort to implement (E) 1114
    Time to implement (T)   1 minutes
    Est Delivered Bugs (B)  0
    Cyclomatic Complexity   3
    Maintainability (MI)    59

 Segment     Used  Free
-----------  ----  ----
00000-00003     4  0  
00004-007FF    94  1950  
00800-00FFF     0  2048  
01000-017FF     0  2048  
01800-01FFF     0  2048  



