
ROM used:   1005/8192 (12%)
            1005/8192 (12%) including unused fragments

            0.8 Average locations per line
            8.7 Average locations per statement

RAM used:   12/368 (3%) at main() level
            29/368 (8%) worst case

Stack used: 5 worst case (5 in main + 0 for interrupts)
Stack size: 8

Lines Stmts  %   Files
----- ----- ---  -----
   53    32  28  2019-2020bai2.c
  810     0   0  C:\Program Files (x86)\PICC\Devices\16F887.h
  456    84  72  C:\Program Files (x86)\PICC\Drivers\lcd.c
----- -----
 1319   116 Total

Page ROM  %  RAM    Vol Diff  Functions:
---- --- --- ---    --- ----  ----------
0     20   2    1             @delay_ms1
 Inline         3    596  5.9  lcd_read_byte
0      6   1    0     59  4.2  lcd_read_nibble
0     13   1    1    179  3.3  lcd_send_nibble
0     64   6    3    460  4.7  lcd_send_byte
0     62   6    6    814  7.2  lcd_init
0     18   2    4    208  6.3  lcd_gotoxy
0     44   4    1    354  4.7  lcd_putc
0    228  23    2    937  6.1  MAIN
0     31   3    2             @ITOF
0    204  20   14             @DIVFF
0     33   3    4             @SFTOI
0      5   0    0             @const759
0     87   9    5             @PSTRINGCN7_733
0     21   2    3             @DIV88
0     53   5    2             @PRINTF_U_733
0      6   1    0             @const768
0    101  10    9             @PRINTF_LU_733
0      5   0    0             @const771
 Inline         0             @cinit1

Program metrics:
    Functions               8
    Statements              116
    Comments                235
    Volume (V)              5392
    Difficulty (D)          39.6
    Effort to implement (E) 213253
    Time to implement (T)   3 hours, 17 minutes
    Est Delivered Bugs (B)  1
    Cyclomatic Complexity   10
    Maintainability (MI)    136

 Segment     Used  Free
-----------  ----  ----
00000-00003     4  0  
00004-007FF  1001  1043  
00800-00FFF     0  2048  
01000-017FF     0  2048  
01800-01FFF     0  2048  



