
ROM used:   229/8192 (3%)
            229/8192 (3%) including unused fragments

            0.3 Average locations per line
            13.5 Average locations per statement

RAM used:   16/368 (4%) at main() level
            25/368 (7%) worst case

Stack used: 0 worst case (0 in main + 0 for interrupts)
Stack size: 8

Lines Stmts  %   Files
----- ----- ---  -----
   40    17 100  quetled7doan.c
  810     0   0  C:\Program Files (x86)\PICC\Devices\16F887.h
----- -----
  850    17 Total

Page ROM  %  RAM    Vol Diff  Functions:
---- --- --- ---    --- ----  ----------
0     20   9    1             @delay_ms1
0     66  29    0    138  3.4  main
0    118  52    5    345  5.0  delay_msScanLED
 Inline         5             @DIV1616
0     21   9    3             @DIV88
 Inline         0             @cinit1

Program metrics:
    Functions               2
    Statements              17
    Comments                135
    Volume (V)              578
    Difficulty (D)          7.9
    Effort to implement (E) 4580
    Time to implement (T)   4 minutes
    Est Delivered Bugs (B)  0
    Cyclomatic Complexity   2
    Maintainability (MI)    115

 Segment     Used  Free
-----------  ----  ----
00000-00003     4  0  
00004-007FF   225  1819  
00800-00FFF     0  2048  
01000-017FF     0  2048  
01800-01FFF     0  2048  



