
ROM used:   812/8192 (10%)
            812/8192 (10%) including unused fragments

            0.6 Average locations per line
            8.3 Average locations per statement

RAM used:   8/368 (2%) at main() level
            22/368 (6%) worst case

Stack used: 4 worst case (4 in main + 0 for interrupts)
Stack size: 8

Lines Stmts  %   Files
----- ----- ---  -----
   30    14  14  bai2.c
  810     0   0  C:\Program Files (x86)\PICC\Devices\16F887.h
  456    84  86  C:\Program Files (x86)\PICC\Drivers\lcd.c
----- -----
 1296    98 Total

Page ROM  %  RAM    Vol Diff  Functions:
---- --- --- ---    --- ----  ----------
0     20   2    1             @delay_ms1
 Inline         3    596  5.9  lcd_read_byte
0      6   1    0     59  4.2  lcd_read_nibble
0     13   2    1    179  3.3  lcd_send_nibble
0     64   8    3    460  4.7  lcd_send_byte
0     62   8    6    814  7.2  lcd_init
0     18   2    4    208  6.3  lcd_gotoxy
0     44   5    1    354  4.7  lcd_putc
0    142  17    2    343  3.5  MAIN
0     31   4    2             @ITOF
0    204  25   14             @DIVFF
0     33   4    4             @SFTOI
0      6   1    0             @const756
0     89  11    5             @PSTRINGCN7_733
0     21   3    3             @DIV88
0     55   7    2             @PRINTF_U_733
 Inline         0             @cinit1

Program metrics:
    Functions               8
    Statements              98
    Comments                235
    Volume (V)              4581
    Difficulty (D)          37.6
    Effort to implement (E) 172087
    Time to implement (T)   2 hours, 39 minutes
    Est Delivered Bugs (B)  1
    Cyclomatic Complexity   8
    Maintainability (MI)    140

 Segment     Used  Free
-----------  ----  ----
00000-00003     4  0  
00004-007FF   808  1236  
00800-00FFF     0  2048  
01000-017FF     0  2048  
01800-01FFF     0  2048  



