
ROM used:   464/8192 (6%)
            464/8192 (6%) including unused fragments

            0.5 Average locations per line
            18.6 Average locations per statement

RAM used:   10/368 (3%) at main() level
            24/368 (7%) worst case

Stack used: 1 worst case (1 in main + 0 for interrupts)
Stack size: 8

Lines Stmts  %   Files
----- ----- ---  -----
   42    25 100  truyennhan2IC.c
  810     0   0  C:\Program Files (x86)\PICC\Devices\16F887.h
----- -----
  852    25 Total

Page ROM  %  RAM    Vol Diff  Functions:
---- --- --- ---    --- ----  ----------
0     20   4    1             @delay_ms1
0    172  37    2    601  4.2  main
0     31   7    2     59  4.2  @ITOF
0    204  44   14    179  3.3  @DIVFF
0     33   7    4    460  4.7  @SFTOI
 Inline         0    814  7.2  @cinit1

Program metrics:
    Functions               5
    Statements              25
    Comments                135
    Volume (V)              2888
    Difficulty (D)          22.5
    Effort to implement (E) 64987
    Time to implement (T)   1 hours, 0 minutes
    Est Delivered Bugs (B)  1
    Cyclomatic Complexity   4
    Maintainability (MI)    161

 Segment     Used  Free
-----------  ----  ----
00000-00003     4  0  
00004-007FF   460  1584  
00800-00FFF     0  2048  
01000-017FF     0  2048  
01800-01FFF     0  2048  



