
ROM used:   623/8192 (8%)
            623/8192 (8%) including unused fragments

            0.5 Average locations per line
            6.0 Average locations per statement

RAM used:   10/368 (3%) at main() level
            23/368 (6%) worst case

Stack used: 5 worst case (5 in main + 0 for interrupts)
Stack size: 8

Lines Stmts  %   Files
----- ----- ---  -----
   37    20  19  truyennhan2ic(2)c.c
  810     0   0  C:\Program Files (x86)\PICC\Devices\16F887.h
  456    84  81  C:\Program Files (x86)\PICC\Drivers\lcd.c
----- -----
 1303   104 Total

Page ROM  %  RAM    Vol Diff  Functions:
---- --- --- ---    --- ----  ----------
0     20   3    1    596  5.9  @delay_ms1
 Inline         3    596  5.9  lcd_read_byte
0      6   1    0     59  4.2  lcd_read_nibble
0     13   2    1    179  3.3  lcd_send_nibble
0     64  10    3    460  4.7  lcd_send_byte
0     62  10    6    814  7.2  lcd_init
0     18   3    4    208  6.3  lcd_gotoxy
0     44   7    1    354  4.7  lcd_putc
0    120  19    1    544  4.2  MAIN
0      7   1    0             @const753
0     86  14    4             @PSTRINGC7_736
0      7   1    0             @const758
0      7   1    0             @const759
0     89  14    5             @PSTRINGCN7_736
0     21   3    3             @DIV88
0     55   9    2             @PRINTF_U_736
 Inline         0             @cinit1

Program metrics:
    Functions               9
    Statements              104
    Comments                235
    Volume (V)              5885
    Difficulty (D)          44.3
    Effort to implement (E) 260983
    Time to implement (T)   4 hours, 2 minutes
    Est Delivered Bugs (B)  1
    Cyclomatic Complexity   11
    Maintainability (MI)    147

 Segment     Used  Free
-----------  ----  ----
00000-00003     4  0  
00004-007FF   619  1425  
00800-00FFF     0  2048  
01000-017FF     0  2048  
01800-01FFF     0  2048  



