
ROM used:   127/8192 (2%)
            127/8192 (2%) including unused fragments

            0.1 Average locations per line
            5.5 Average locations per statement

RAM used:   7/368 (2%) at main() level
            7/368 (2%) worst case

Stack used: 0 worst case (0 in main + 0 for interrupts)
Stack size: 8

Lines Stmts  %   Files
----- ----- ---  -----
   38    23 100  ff.c
  810     0   0  C:\Program Files (x86)\PICC\Devices\16F887.h
----- -----
  848    23 Total

Page ROM  %  RAM    Vol Diff  Functions:
---- --- --- ---    --- ----  ----------
0    123  97    1    553  3.9  main
 Inline         0             @cinit1

Program metrics:
    Functions               1
    Statements              23
    Comments                141
    Volume (V)              556
    Difficulty (D)          3.8
    Effort to implement (E) 2124
    Time to implement (T)   2 minutes
    Est Delivered Bugs (B)  0
    Cyclomatic Complexity   2
    Maintainability (MI)    65

 Segment     Used  Free
-----------  ----  ----
00000-00003     4  0  
00004-007FF   123  1921  
00800-00FFF     0  2048  
01000-017FF     0  2048  
01800-01FFF     0  2048  



