
ROM used:   248/8192 (3%)
            248/8192 (3%) including unused fragments

            0.3 Average locations per line
            10.8 Average locations per statement

RAM used:   19/368 (5%) at main() level
            24/368 (7%) worst case

Stack used: 0 worst case (0 in main + 0 for interrupts)
Stack size: 8

Lines Stmts  %   Files
----- ----- ---  -----
   37    23 100  cau1.c
  810     0   0  C:\Program Files (x86)\PICC\Devices\16F887.h
----- -----
  847    23 Total

Page ROM  %  RAM    Vol Diff  Functions:
---- --- --- ---    --- ----  ----------
0     20   8    1             @delay_ms1
0    162  65    2    560  6.7  main
0     23   9    5             @MUL1616
0     39  16    5             @DIV1616
 Inline         0             @cinit1

Program metrics:
    Functions               1
    Statements              23
    Comments                135
    Volume (V)              569
    Difficulty (D)          6.1
    Effort to implement (E) 3477
    Time to implement (T)   3 minutes
    Est Delivered Bugs (B)  0
    Cyclomatic Complexity   2
    Maintainability (MI)    49

 Segment     Used  Free
-----------  ----  ----
00000-00003     4  0  
00004-007FF   244  1800  
00800-00FFF     0  2048  
01000-017FF     0  2048  
01800-01FFF     0  2048  



