
ROM used:   943/8192 (12%)
            943/8192 (12%) including unused fragments

            0.7 Average locations per line
            8.3 Average locations per statement

RAM used:   11/368 (3%) at main() level
            25/368 (7%) worst case

Stack used: 5 worst case (5 in main + 0 for interrupts)
Stack size: 8

Lines Stmts  %   Files
----- ----- ---  -----
   51    30  26  cau2.c
  810     0   0  C:\Program Files (x86)\PICC\Devices\16F887.h
  456    84  74  C:\Program Files (x86)\PICC\Drivers\lcd.c
----- -----
 1317   114 Total

Page ROM  %  RAM    Vol Diff  Functions:
---- --- --- ---    --- ----  ----------
0     20   2    1             @delay_ms1
 Inline         3    596  5.9  lcd_read_byte
0      6   1    0     59  4.2  lcd_read_nibble
0     13   1    1    179  3.3  lcd_send_nibble
0     64   7    3    460  4.7  lcd_send_byte
0     62   7    6    814  7.2  lcd_init
0     18   2    4    208  6.3  lcd_gotoxy
0     44   5    1    354  4.7  lcd_putc
0    269  29    2    983  6.1  MAIN
0     29   3    2             @ITOF
0    202  21   14             @DIVFF
0     31   3    4             @SFTOI
0     21   2    3             @DIV88
0     53   6    2             @PRINTF_U_733
0      7   1    0             @const765
0     86   9    4             @PSTRINGC7_733
0      7   1    0             @const770
0      7   1    0             @const771
 Inline         0             @cinit1

Program metrics:
    Functions               8
    Statements              114
    Comments                235
    Volume (V)              5448
    Difficulty (D)          39.7
    Effort to implement (E) 216146
    Time to implement (T)   3 hours, 20 minutes
    Est Delivered Bugs (B)  1
    Cyclomatic Complexity   11
    Maintainability (MI)    137

 Segment     Used  Free
-----------  ----  ----
00000-00003     4  0  
00004-007FF   939  1105  
00800-00FFF     0  2048  
01000-017FF     0  2048  
01800-01FFF     0  2048  



