
ROM used:   991/8192 (12%)
            991/8192 (12%) including unused fragments

            0.7 Average locations per line
            8.8 Average locations per statement

RAM used:   13/368 (4%) at main() level
            27/368 (7%) worst case

Stack used: 4 worst case (4 in main + 0 for interrupts)
Stack size: 8

Lines Stmts  %   Files
----- ----- ---  -----
   58    28  25  baigiuaki.c
  810     0   0  C:\Program Files (x86)\PICC\Devices\16F887.h
  456    84  75  C:\Program Files (x86)\PICC\Drivers\lcd.c
----- -----
 1324   112 Total

Page ROM  %  RAM    Vol Diff  Functions:
---- --- --- ---    --- ----  ----------
0     20   2    1             @delay_ms1
 Inline         3    596  5.9  lcd_read_byte
0      6   1    0     59  4.2  lcd_read_nibble
0     13   1    1    179  3.3  lcd_send_nibble
0     64   6    3    460  4.7  lcd_send_byte
0     62   6    6    814  7.2  lcd_init
0     18   2    4    208  6.3  lcd_gotoxy
0     44   4    1    354  4.7  lcd_putc
0     14   1    0    937  6.1  @const746
0     13   1    0             @const749
0    297  30    4    825  6.1  MAIN
0     29   3    2             @ITOF
0    202  20   14             @DIVFF
0     31   3    4             @SFTOI
0      9   1    0             @const764
0     89   9    5             @PSTRINGCN7_733
0     21   2    3             @DIV88
0     55   6    2             @PRINTF_U_733
 Inline         0             @cinit1

Program metrics:
    Functions               9
    Statements              112
    Comments                235
    Volume (V)              6719
    Difficulty (D)          45.8
    Effort to implement (E) 307477
    Time to implement (T)   4 hours, 45 minutes
    Est Delivered Bugs (B)  2
    Cyclomatic Complexity   12
    Maintainability (MI)    145

 Segment     Used  Free
-----------  ----  ----
00000-00003     4  0  
00004-007FF   987  1057  
00800-00FFF     0  2048  
01000-017FF     0  2048  
01800-01FFF     0  2048  



