
ROM used:   122/8192 (1%)
            122/8192 (1%) including unused fragments

            0.1 Average locations per line
            9.4 Average locations per statement

RAM used:   17/368 (5%) at main() level
            19/368 (5%) worst case

Stack used: 0 worst case (0 in main + 0 for interrupts)
Stack size: 8

Lines Stmts  %   Files
----- ----- ---  -----
   31    13 100  bai1.c
  810     0   0  C:\Program Files (x86)\PICC\Devices\16F887.h
----- -----
  841    13 Total

Page ROM  %  RAM    Vol Diff  Functions:
---- --- --- ---    --- ----  ----------
0     97  80    1    312  5.1  main
0     21  17    3             @DIV88
 Inline         0             @cinit1

Program metrics:
    Functions               1
    Statements              13
    Comments                135
    Volume (V)              316
    Difficulty (D)          4.8
    Effort to implement (E) 1507
    Time to implement (T)   1 minutes
    Est Delivered Bugs (B)  0
    Cyclomatic Complexity   1
    Maintainability (MI)    62

 Segment     Used  Free
-----------  ----  ----
00000-00003     4  0  
00004-007FF   118  1926  
00800-00FFF     0  2048  
01000-017FF     0  2048  
01800-01FFF     0  2048  



