
ROM used:   75/8192 (1%)
            75/8192 (1%) including unused fragments

            0.1 Average locations per line
            10.7 Average locations per statement

RAM used:   6/368 (2%) at main() level
            7/368 (2%) worst case

Stack used: 0 worst case (0 in main + 0 for interrupts)
Stack size: 8

Lines Stmts  %   Files
----- ----- ---  -----
   20     7 100  lednhapnhay.c
  810     0   0  C:\Program Files (x86)\PICC\Devices\16F887.h
----- -----
  830     7 Total

Page ROM  %  RAM    Vol Diff  Functions:
---- --- --- ---    --- ----  ----------
0     20  27    1             @delay_ms1
0     51  68    1    106  1.7  main
 Inline         0             @cinit1

Program metrics:
    Functions               1
    Statements              7
    Comments                142
    Volume (V)              110
    Difficulty (D)          1.5
    Effort to implement (E) 162
    Time to implement (T)   0 minutes
    Est Delivered Bugs (B)  0
    Cyclomatic Complexity   1
    Maintainability (MI)    96

 Segment     Used  Free
-----------  ----  ----
00000-00003     4  0  
00004-007FF    71  1973  
00800-00FFF     0  2048  
01000-017FF     0  2048  
01800-01FFF     0  2048  



