
ROM used:   142/8192 (2%)
            142/8192 (2%) including unused fragments

            0.2 Average locations per line
            7.5 Average locations per statement

RAM used:   17/368 (5%) at main() level
            19/368 (5%) worst case

Stack used: 0 worst case (0 in main + 0 for interrupts)
Stack size: 8

Lines Stmts  %   Files
----- ----- ---  -----
   50    19 100  dieukhienledsangdich.c
  810     0   0  C:\Program Files (x86)\PICC\Devices\16F887.h
----- -----
  860    19 Total

Page ROM  %  RAM    Vol Diff  Functions:
---- --- --- ---    --- ----  ----------
0     20  14    1             @delay_ms1
0     30  21    1    108  3.3  sangdich_motor
0     30  21    1    108  3.3  tatdich_motor
0     58  41    0    163  3.5  MAIN
 Inline         0    181  3.5  @cinit1

Program metrics:
    Functions               4
    Statements              19
    Comments                135
    Volume (V)              809
    Difficulty (D)          13.5
    Effort to implement (E) 10906
    Time to implement (T)   10 minutes
    Est Delivered Bugs (B)  0
    Cyclomatic Complexity   4
    Maintainability (MI)    139

 Segment     Used  Free
-----------  ----  ----
00000-00003     4  0  
00004-007FF   138  1906  
00800-00FFF     0  2048  
01000-017FF     0  2048  
01800-01FFF     0  2048  



