
ROM used:   491/8192 (6%)
            491/8192 (6%) including unused fragments

            0.4 Average locations per line
            4.9 Average locations per statement

RAM used:   7/368 (2%) at main() level
            21/368 (6%) worst case

Stack used: 5 worst case (5 in main + 0 for interrupts)
Stack size: 8

Lines Stmts  %   Files
----- ----- ---  -----
   31    16  16  demsanpham.c
  810     0   0  C:\Program Files (x86)\PICC\Devices\16F887.h
  456    84  84  C:\Program Files (x86)\PICC\Drivers\lcd.c
----- -----
 1297   100 Total

Page ROM  %  RAM    Vol Diff  Functions:
---- --- --- ---    --- ----  ----------
0     20   4    1             @delay_ms1
 Inline         3    596  5.9  lcd_read_byte
0      6   1    0     59  4.2  lcd_read_nibble
0     13   3    1    179  3.3  lcd_send_nibble
0     64  13    3    460  4.7  lcd_send_byte
0     62  13    6    814  7.2  lcd_init
0     18   4    4    208  6.3  lcd_gotoxy
0     44   9    1    354  4.7  lcd_putc
0     85  17    0    401  4.6  MAIN
0      8   2    0             @const750
0     87  18    5             @PSTRINGCN7_733
0     21   4    3             @DIV88
0     53  11    2             @PRINTF_U_733
0      6   1    0             @const759
 Inline         0             @cinit1

Program metrics:
    Functions               8
    Statements              100
    Comments                236
    Volume (V)              4661
    Difficulty (D)          39.0
    Effort to implement (E) 182002
    Time to implement (T)   2 hours, 49 minutes
    Est Delivered Bugs (B)  1
    Cyclomatic Complexity   9
    Maintainability (MI)    139

 Segment     Used  Free
-----------  ----  ----
00000-00003     4  0  
00004-007FF   487  1557  
00800-00FFF     0  2048  
01000-017FF     0  2048  
01800-01FFF     0  2048  



