
ROM used:   783/8192 (10%)
            783/8192 (10%) including unused fragments

            0.6 Average locations per line
            6.1 Average locations per statement

RAM used:   13/368 (4%) at main() level
            31/368 (8%) worst case

Stack used: 5 worst case (5 in main + 0 for interrupts)
Stack size: 8

Lines Stmts  %   Files
----- ----- ---  -----
   81    44  34  bai1.c
  810     0   0  C:\Program Files (x86)\PICC\Devices\16f887.h
  456    84  66  C:\Program Files (x86)\PICC\Drivers\lcd.c
----- -----
 1347   128 Total

Page ROM  %  RAM    Vol Diff  Functions:
---- --- --- ---    --- ----  ----------
0     20   3    1             @delay_ms1
 Inline         3    596  5.9  lcd_read_byte
0      6   1    0     59  4.2  lcd_read_nibble
0     13   2    1    179  3.3  lcd_send_nibble
0     64   8    3    460  4.7  lcd_send_byte
0     62   8    6    814  7.2  lcd_init
0     18   2    4    208  6.3  lcd_gotoxy
0     44   6    1    354  4.7  lcd_putc
0    325  42    0    431  3.2  hienthiLCD
0     21   3    3             @DIV88
 Inline         2             @PRINTF_U_733
0      5   1    0             @const756
 Inline         5             @PSTRINGCN7_733
 Inline         9             @PRINTF_LU_733
0      3   0    0             @const761
0     86  11    4             @PSTRINGC7_733
0      3   0    0             @const766
0      3   0    0             @const767
0      3   0    0             @const768
0    103  13    1    587  4.8  MAIN
 Inline         0             @cinit1

Program metrics:
    Functions               9
    Statements              128
    Comments                238
    Volume (V)              5720
    Difficulty (D)          41.4
    Effort to implement (E) 236998
    Time to implement (T)   3 hours, 39 minutes
    Est Delivered Bugs (B)  1
    Cyclomatic Complexity   16
    Maintainability (MI)    144

 Segment     Used  Free
-----------  ----  ----
00000-00003     4  0  
00004-007FF   779  1265  
00800-00FFF     0  2048  
01000-017FF     0  2048  
01800-01FFF     0  2048  



