
ROM used:   1295/8192 (16%)
            1295/8192 (16%) including unused fragments

            0.9 Average locations per line
            8.5 Average locations per statement

RAM used:   16/368 (4%) at main() level
            33/368 (9%) worst case

Stack used: 5 worst case (5 in main + 0 for interrupts)
Stack size: 8

Lines Stmts  %   Files
----- ----- ---  -----
  113    69  45  bai2.c
  810     0   0  C:\Program Files (x86)\PICC\Devices\16f887.h
  456    84  55  C:\Program Files (x86)\PICC\Drivers\lcd.c
----- -----
 1379   153 Total

Page ROM  %  RAM    Vol Diff  Functions:
---- --- --- ---    --- ----  ----------
0     20   2    1             @delay_ms1
 Inline         3    596  5.9  lcd_read_byte
0      6   0    0     59  4.2  lcd_read_nibble
0     13   1    1    179  3.3  lcd_send_nibble
0     64   5    3    460  4.7  lcd_send_byte
0     62   5    6    814  7.2  lcd_init
0     18   1    4    208  6.3  lcd_gotoxy
0     44   3    1    354  4.7  lcd_putc
0     14   1    0             @const747
0    419  32    2   2062  7.7  MAIN
0     29   2    2             @ITOF
0    202  16   14             @DIVFF
0     31   2    4             @SFTOI
0     21   2    3             @DIV88
0     55   4    2             @PRINTF_U_733
0      5   0    0             @const772
0     89   7    5             @PSTRINGCN7_733
0    101   8    9             @PRINTF_LU_733
0      3   0    0             @const777
0     86   7    4             @PSTRINGC7_733
0      3   0    0             @const782
0      3   0    0             @const783
0      3   0    0             @const784
 Inline         0             @cinit1

Program metrics:
    Functions               8
    Statements              153
    Comments                249
    Volume (V)              6773
    Difficulty (D)          40.5
    Effort to implement (E) 273968
    Time to implement (T)   4 hours, 14 minutes
    Est Delivered Bugs (B)  1
    Cyclomatic Complexity   19
    Maintainability (MI)    123

 Segment     Used  Free
-----------  ----  ----
00000-00003     4  0  
00004-007FF  1291  753  
00800-00FFF     0  2048  
01000-017FF     0  2048  
01800-01FFF     0  2048  



