
ROM used:   690/8192 (8%)
            690/8192 (8%) including unused fragments

            0.5 Average locations per line
            5.4 Average locations per statement

RAM used:   11/368 (3%) at main() level
            24/368 (7%) worst case

Stack used: 5 worst case (5 in main + 0 for interrupts)
Stack size: 8

Lines Stmts  %   Files
----- ----- ---  -----
   78    44  34  onbai1.c
  810     0   0  C:\Program Files (x86)\PICC\Devices\16F887.h
  456    84  66  C:\Program Files (x86)\PICC\Drivers\lcd.c
----- -----
 1344   128 Total

Page ROM  %  RAM    Vol Diff  Functions:
---- --- --- ---    --- ----  ----------
0     20   3    1             @delay_ms1
 Inline         3    596  5.9  lcd_read_byte
0      6   1    0     59  4.2  lcd_read_nibble
0     13   2    1    179  3.3  lcd_send_nibble
0     64   9    3    460  4.7  lcd_send_byte
0     62   9    6    814  7.2  lcd_init
0     18   3    4    208  6.3  lcd_gotoxy
0     44   6    1    354  4.7  lcd_putc
0    180  26    1   1222  4.3  MAIN
0      6   1    0             @const751
0     86  12    4             @PSTRINGC7_733
0      7   1    0             @const756
0      7   1    0             @const757
0      8   1    0             @const758
0     89  13    5             @PSTRINGCN7_733
0     21   3    3             @DIV88
0     55   8    2             @PRINTF_U_733
 Inline         0             @cinit1

Program metrics:
    Functions               8
    Statements              128
    Comments                236
    Volume (V)              5750
    Difficulty (D)          37.8
    Effort to implement (E) 217409
    Time to implement (T)   3 hours, 21 minutes
    Est Delivered Bugs (B)  1
    Cyclomatic Complexity   13
    Maintainability (MI)    134

 Segment     Used  Free
-----------  ----  ----
00000-00003     4  0  
00004-007FF   686  1358  
00800-00FFF     0  2048  
01000-017FF     0  2048  
01800-01FFF     0  2048  



