
ROM used:   881/8192 (11%)
            881/8192 (11%) including unused fragments

            0.7 Average locations per line
            7.5 Average locations per statement

RAM used:   11/368 (3%) at main() level
            25/368 (7%) worst case

Stack used: 5 worst case (5 in main + 0 for interrupts)
Stack size: 8

Lines Stmts  %   Files
----- ----- ---  -----
   59    34  29  bai2.c
  810     0   0  C:\Program Files (x86)\PICC\Devices\16f887.h
  456    84  71  C:\Program Files (x86)\PICC\Drivers\lcd.c
----- -----
 1325   118 Total

Page ROM  %  RAM    Vol Diff  Functions:
---- --- --- ---    --- ----  ----------
 Inline         1             @delay_ms1
 Inline         3    596  5.9  lcd_read_byte
0      6   1    0     59  4.2  lcd_read_nibble
0     13   1    1    179  3.3  lcd_send_nibble
0     64   7    3    460  4.7  lcd_send_byte
0     18   2    4    208  6.3  lcd_gotoxy
0     62   7    1    354  4.7  lcd_putc
0    271  31    2   1046  5.7  MAIN
0     29   3    2             @ITOF
0    202  23   14             @DIVFF
0     31   4    4             @SFTOI
0     21   2    3             @DIV88
0     53   6    2             @PRINTF_U_733
0      7   1    0             @const765
0     86  10    4             @PSTRINGC7_733
0      7   1    0             @const770
0      7   1    0             @const771
 Inline         0             @cinit1

Program metrics:
    Functions               7
    Statements              118
    Comments                235
    Volume (V)              4243
    Difficulty (D)          31.9
    Effort to implement (E) 135325
    Time to implement (T)   2 hours, 5 minutes
    Est Delivered Bugs (B)  1
    Cyclomatic Complexity   9
    Maintainability (MI)    113

 Segment     Used  Free
-----------  ----  ----
00000-00003     4  0  
00004-007FF   877  1167  
00800-00FFF     0  2048  
01000-017FF     0  2048  
01800-01FFF     0  2048  



