
ROM used:   1408/8192 (17%)
            1408/8192 (17%) including unused fragments

            1.0 Average locations per line
            8.5 Average locations per statement

RAM used:   16/368 (4%) at main() level
            30/368 (8%) worst case

Stack used: 5 worst case (5 in main + 0 for interrupts)
Stack size: 8

Lines Stmts  %   Files
----- ----- ---  -----
  101    81  49  cau1.c
  810     0   0  C:\Program Files (x86)\PICC\Devices\16F887.h
  456    84  51  C:\Program Files (x86)\PICC\Drivers\lcd.c
----- -----
 1367   165 Total

Page ROM  %  RAM    Vol Diff  Functions:
---- --- --- ---    --- ----  ----------
0     20   1    1             @delay_ms1
 Inline         3    596  5.9  lcd_read_byte
0      6   0    0     59  4.2  lcd_read_nibble
0     13   1    1    179  3.3  lcd_send_nibble
0     64   5    3    460  4.7  lcd_send_byte
0     62   4    6    814  7.2  lcd_init
0     18   1    4    208  6.3  lcd_gotoxy
0     44   3    1    354  4.7  lcd_putc
0    477  34    2   2563  9.3  MAIN
0     31   2    2             @ITOF
0    204  14   14             @DIVFF
0     33   2    4             @SFTOI
0     21   1    3             @DIV88
0     53   4    2             @PRINTF_U_733
0     21   1    5             @MUL1616
0     37   3    5             @DIV1616
0      6   0    0             @const781
0     86   6    4             @PSTRINGC7_733
0      5   0    0             @const786
0      5   0    0             @const787
0      5   0    0             @const788
0      1   0    0             @const789
0      5   0    0             @const790
0     39   3    2             @MUL88
0     89   6    5             @PSTRINGCN7_733
0      1   0    0             @const796
0     58   4    2             @PRINTF_U_9600_62_63
 Inline         0             @cinit1

Program metrics:
    Functions               8
    Statements              165
    Comments                236
    Volume (V)              7359
    Difficulty (D)          41.5
    Effort to implement (E) 305383
    Time to implement (T)   4 hours, 43 minutes
    Est Delivered Bugs (B)  2
    Cyclomatic Complexity   19
    Maintainability (MI)    128

 Segment     Used  Free
-----------  ----  ----
00000-00003     4  0  
00004-007FF  1404  640  
00800-00FFF     0  2048  
01000-017FF     0  2048  
01800-01FFF     0  2048  



