
ROM used:   262/8192 (3%)
            262/8192 (3%) including unused fragments

            0.3 Average locations per line
            7.7 Average locations per statement

RAM used:   26/368 (7%) at main() level
            28/368 (8%) worst case

Stack used: 1 worst case (0 in main + 1 for interrupts)
Stack size: 8

Lines Stmts  %   Files
----- ----- ---  -----
   64    34 100  cau2.c
  810     0   0  C:\Program Files (x86)\PICC\Devices\16F887.h
----- -----
  874    34 Total

Page ROM  %  RAM    Vol Diff  Functions:
---- --- --- ---    --- ----  ----------
0     20   8    1             @delay_ms1
0      8   3    0     17  0.8  ngat_ngoai
0    166  63    1    850  6.3  MAIN
0     21   8    3   2563  9.3  @DIV88
 Inline         0   2563  9.3  @cinit1

Program metrics:
    Functions               4
    Statements              34
    Comments                136
    Volume (V)              7272
    Difficulty (D)          26.1
    Effort to implement (E) 189629
    Time to implement (T)   2 hours, 56 minutes
    Est Delivered Bugs (B)  1
    Cyclomatic Complexity   25
    Maintainability (MI)    115

 Segment     Used  Free
-----------  ----  ----
00000-00003     4  0  
00004-0002E    43  0  
0002F-007FF   215  1786  
00800-00FFF     0  2048  
01000-017FF     0  2048  
01800-01FFF     0  2048  



