
ROM used:   48/8192 (1%)
            48/8192 (1%) including unused fragments

            0.1 Average locations per line
            6.9 Average locations per statement

RAM used:   6/368 (2%) at main() level
            6/368 (2%) worst case

Stack used: 0 worst case (0 in main + 0 for interrupts)
Stack size: 8

Lines Stmts  %   Files
----- ----- ---  -----
   19     7 100  counter.c
  810     0   0  C:\Program Files (x86)\PICC\Devices\16F887.h
----- -----
  829     7 Total

Page ROM  %  RAM    Vol Diff  Functions:
---- --- --- ---    --- ----  ----------
0     44  92    1    123  2.1  main
 Inline         0             @cinit1

Program metrics:
    Functions               1
    Statements              7
    Comments                136
    Volume (V)              125
    Difficulty (D)          2.0
    Effort to implement (E) 251
    Time to implement (T)   0 minutes
    Est Delivered Bugs (B)  0
    Cyclomatic Complexity   1
    Maintainability (MI)    79

 Segment     Used  Free
-----------  ----  ----
00000-00003     4  0  
00004-007FF    44  2000  
00800-00FFF     0  2048  
01000-017FF     0  2048  
01800-01FFF     0  2048  



