
ROM used:   188/8192 (2%)
            188/8192 (2%) including unused fragments

            0.2 Average locations per line
            9.0 Average locations per statement

RAM used:   9/368 (2%) at main() level
            14/368 (4%) worst case

Stack used: 0 worst case (0 in main + 0 for interrupts)
Stack size: 8

Lines Stmts  %   Files
----- ----- ---  -----
   40    21 100  dieuchePWM.c
  810     0   0  C:\Program Files (x86)\PICC\Devices\16F887.h
----- -----
  850    21 Total

Page ROM  %  RAM    Vol Diff  Functions:
---- --- --- ---    --- ----  ----------
0     20  11    1             @delay_ms1
0     14   7    0             @const708
0    127  68    2    532  5.7  main
0     23  12    5             @MUL1616
 Inline         0             @cinit1

Program metrics:
    Functions               1
    Statements              21
    Comments                135
    Volume (V)              541
    Difficulty (D)          5.2
    Effort to implement (E) 2833
    Time to implement (T)   3 minutes
    Est Delivered Bugs (B)  0
    Cyclomatic Complexity   2
    Maintainability (MI)    51

 Segment     Used  Free
-----------  ----  ----
00000-00003     4  0  
00004-007FF   184  1860  
00800-00FFF     0  2048  
01000-017FF     0  2048  
01800-01FFF     0  2048  



