
ROM used:   96/8192 (1%)
            96/8192 (1%) including unused fragments

            0.1 Average locations per line
            12.0 Average locations per statement

RAM used:   24/368 (7%) at main() level
            24/368 (7%) worst case

Stack used: 0 worst case (0 in main + 0 for interrupts)
Stack size: 8

Lines Stmts  %   Files
----- ----- ---  -----
   20     8 100  dip4led7seg.c
  810     0   0  C:\Program Files (x86)\PICC\Devices\16F887.h
----- -----
  830     8 Total

Page ROM  %  RAM    Vol Diff  Functions:
---- --- --- ---    --- ----  ----------
0     92  96    1    160  3.1  main
 Inline         0             @cinit1

Program metrics:
    Functions               1
    Statements              8
    Comments                136
    Volume (V)              163
    Difficulty (D)          2.9
    Effort to implement (E) 474
    Time to implement (T)   0 minutes
    Est Delivered Bugs (B)  0
    Cyclomatic Complexity   1
    Maintainability (MI)    75

 Segment     Used  Free
-----------  ----  ----
00000-00003     4  0  
00004-007FF    92  1952  
00800-00FFF     0  2048  
01000-017FF     0  2048  
01800-01FFF     0  2048  



