
ROM used:   106/8192 (1%)
            106/8192 (1%) including unused fragments

            0.1 Average locations per line
            15.1 Average locations per statement

RAM used:   22/368 (6%) at main() level
            22/368 (6%) worst case

Stack used: 0 worst case (0 in main + 0 for interrupts)
Stack size: 8

Lines Stmts  %   Files
----- ----- ---  -----
   25     7 100  ledsangdich+sangdan.c
  810     0   0  C:\Program Files (x86)\PICC\Devices\16F887.h
----- -----
  835     7 Total

Page ROM  %  RAM    Vol Diff  Functions:
---- --- --- ---    --- ----  ----------
0     22  21    1             @delay_ms1
0     80  75    1    151  3.9  main
 Inline         0             @cinit1

Program metrics:
    Functions               1
    Statements              7
    Comments                135
    Volume (V)              155
    Difficulty (D)          3.4
    Effort to implement (E) 534
    Time to implement (T)   0 minutes
    Est Delivered Bugs (B)  0
    Cyclomatic Complexity   1
    Maintainability (MI)    75

 Segment     Used  Free
-----------  ----  ----
00000-00003     4  0  
00004-007FF   102  1942  
00800-00FFF     0  2048  
01000-017FF     0  2048  
01800-01FFF     0  2048  



