
ROM used:   1263/8192 (15%)
            1263/8192 (15%) including unused fragments

            1.0 Average locations per line
            11.2 Average locations per statement

RAM used:   14/368 (4%) at main() level
            31/368 (8%) worst case

Stack used: 5 worst case (5 in main + 0 for interrupts)
Stack size: 8

Lines Stmts  %   Files
----- ----- ---  -----
   37    29  26  uart.c
  810     0   0  C:\Program Files (x86)\PICC\Devices\16F887.h
  456    84  74  C:\Program Files (x86)\PICC\Drivers\lcd.c
----- -----
 1303   113 Total

Page ROM  %  RAM    Vol Diff  Functions:
---- --- --- ---    --- ----  ----------
0     20   2    1             @delay_ms1
 Inline         3    596  5.9  lcd_read_byte
0      6   0    0     59  4.2  lcd_read_nibble
0     13   1    1    179  3.3  lcd_send_nibble
0     64   5    3    460  4.7  lcd_send_byte
0     62   5    6    814  7.2  lcd_init
0     18   1    4    208  6.3  lcd_gotoxy
0     44   3    1    354  4.7  lcd_putc
0    281  22    2    846  4.2  MAIN
0      2   0    0             @const754
0     88   7    4             @PSTRINGC7_1
0      6   0    0             @const759
0      6   0    0             @const760
0     89   7    5             @PSTRINGCN7_9600_62_63
0     89   7    9             @PRINTF_LU_9600_62_63
0      6   0    0             @const765
0     89   7    5             @PSTRINGCN7_733
0     99   8    9             @PRINTF_LU_733
0     31   2    2             @ITOF
0    204  16   14             @DIVFF
0     33   3    4             @SFTOI
0      9   1    0             @const777
 Inline         0             @cinit1

Program metrics:
    Functions               8
    Statements              113
    Comments                235
    Volume (V)              5282
    Difficulty (D)          37.1
    Effort to implement (E) 196078
    Time to implement (T)   3 hours, 2 minutes
    Est Delivered Bugs (B)  1
    Cyclomatic Complexity   8
    Maintainability (MI)    137

 Segment     Used  Free
-----------  ----  ----
00000-00003     4  0  
00004-007FF  1259  785  
00800-00FFF     0  2048  
01000-017FF     0  2048  
01800-01FFF     0  2048  



