
ROM used:   688/8192 (8%)
            688/8192 (8%) including unused fragments

            0.6 Average locations per line
            5.8 Average locations per statement

RAM used:   9/368 (2%) at main() level
            24/368 (7%) worst case

Stack used: 5 worst case (5 in main + 0 for interrupts)
Stack size: 8

Lines Stmts  %   Files
----- ----- ---  -----
   62    34  29  thaotacLCD.c
  676     0   0  C:\Program Files (x86)\PICC\Devices\16F877.h
  456    84  71  C:\Program Files (x86)\PICC\Drivers\LCD.c
----- -----
 1194   118 Total

Page ROM  %  RAM    Vol Diff  Functions:
---- --- --- ---    --- ----  ----------
0     21   3    1             @delay_ms1
 Inline         3    596  5.9  lcd_read_byte
0      6   1    0     59  4.2  lcd_read_nibble
0     12   2    1    179  3.3  lcd_send_nibble
0     64   9    3    460  4.7  lcd_send_byte
0     62   9    6    814  7.2  lcd_init
0     18   3    4    208  6.3  lcd_gotoxy
0     44   6    1    354  4.7  lcd_putc
0    148  22    1   1072  5.8  MAIN
0      5   1    0             @const735
0     88  13    4             @PSTRINGC7_719
0      7   1    0             @const740
0     87  13    5             @PSTRINGCN7_719
0     21   3    3             @DIV88
0     87  13    6             @PRINTF_D0_719
0      7   1    0             @const749
0      7   1    0             @const750
 Inline         0             @cinit1

Program metrics:
    Functions               8
    Statements              118
    Comments                218
    Volume (V)              5562
    Difficulty (D)          39.4
    Effort to implement (E) 219165
    Time to implement (T)   3 hours, 23 minutes
    Est Delivered Bugs (B)  1
    Cyclomatic Complexity   12
    Maintainability (MI)    142

 Segment     Used  Free
-----------  ----  ----
00000-00003     4  0  
00004-007FF   684  1360  
00800-00FFF     0  2048  
01000-017FF     0  2048  
01800-01FFF     0  2048  



