
ROM used:   311/8192 (4%)
            311/8192 (4%) including unused fragments

            0.3 Average locations per line
            4.6 Average locations per statement

RAM used:   18/368 (5%) at main() level
            19/368 (5%) worst case

Stack used: 1 worst case (1 in main + 0 for interrupts)
Stack size: 8

Lines Stmts  %   Files
----- ----- ---  -----
   86    68 100  cau1.c
  810     0   0  C:\Program Files (x86)\PICC\Devices\16F887.h
----- -----
  896    68 Total

Page ROM  %  RAM    Vol Diff  Functions:
---- --- --- ---    --- ----  ----------
0     20   6    1             @delay_ms1
0     17   5    1             @delay_us1
0    270  87    1   1887  5.4  main
 Inline         0             @cinit1

Program metrics:
    Functions               1
    Statements              68
    Comments                138
    Volume (V)              1896
    Difficulty (D)          5.3
    Effort to implement (E) 9990
    Time to implement (T)   9 minutes
    Est Delivered Bugs (B)  0
    Cyclomatic Complexity   8
    Maintainability (MI)    31

 Segment     Used  Free
-----------  ----  ----
00000-00003     4  0  
00004-007FF   307  1737  
00800-00FFF     0  2048  
01000-017FF     0  2048  
01800-01FFF     0  2048  



