
ROM used:   1429/8192 (17%)
            1429/8192 (17%) including unused fragments

            1.0 Average locations per line
            7.4 Average locations per statement

RAM used:   14/368 (4%) at main() level
            28/368 (8%) worst case

Stack used: 5 worst case (5 in main + 0 for interrupts)
Stack size: 8

Lines Stmts  %   Files
----- ----- ---  -----
  127   108  56  cau2.c
  810     0   0  C:\Program Files (x86)\PICC\Devices\16F887.h
  456    84  44  C:\Program Files (x86)\PICC\Drivers\lcd.c
----- -----
 1393   192 Total

Page ROM  %  RAM    Vol Diff  Functions:
---- --- --- ---    --- ----  ----------
0     20   1    1             @delay_ms1
 Inline         3    596  5.9  lcd_read_byte
0      6   0    0     59  4.2  lcd_read_nibble
0     15   1    1    179  3.3  lcd_send_nibble
0     66   5    3    460  4.7  lcd_send_byte
0     62   4    6    814  7.2  lcd_init
0     18   1    4    208  6.3  lcd_gotoxy
0     44   3    1    354  4.7  lcd_putc
0    606  42    2   3666  6.4  MAIN
0      4   0    0             @const756
0      4   0    0             @const757
0      6   0    0             @const758
0      5   0    0             @const759
0     29   2    2             @ITOF
0    202  14   14             @DIVFF
0     31   2    4             @SFTOI
0      5   0    0             @const767
0     87   6    5             @PSTRINGCN7_733
0     21   1    3             @DIV88
0     53   4    2             @PRINTF_U_733
0      4   0    0             @const776
0     86   6    4             @PSTRINGC7_733
0      2   0    0             @const781
0      2   0    0             @const782
0      2   0    0             @const783
0      5   0    0             @const784
0      4   0    0             @const785
0      2   0    0             @const786
0      2   0    0             @const787
0      2   0    0             @const788
0      5   0    0             @const789
0      5   0    0             @const790
0      2   0    0             @const791
0      2   0    0             @const792
0      2   0    0             @const793
0      2   0    0             @const794
0      4   0    0             @const795
0      2   0    0             @const796
0      4   0    0             @const797
0      2   0    0             @const798
 Inline         0             @cinit1

Program metrics:
    Functions               8
    Statements              192
    Comments                237
    Volume (V)              8645
    Difficulty (D)          37.4
    Effort to implement (E) 323310
    Time to implement (T)   4 hours, 59 minutes
    Est Delivered Bugs (B)  2
    Cyclomatic Complexity   23
    Maintainability (MI)    124

 Segment     Used  Free
-----------  ----  ----
00000-00003     4  0  
00004-007FF  1425  619  
00800-00FFF     0  2048  
01000-017FF     0  2048  
01800-01FFF     0  2048  



