
ROM used:   139/8192 (2%)
            139/8192 (2%) including unused fragments

            0.2 Average locations per line
            6.3 Average locations per statement

RAM used:   17/368 (5%) at main() level
            17/368 (5%) worst case

Stack used: 0 worst case (0 in main + 0 for interrupts)
Stack size: 8

Lines Stmts  %   Files
----- ----- ---  -----
   43    22 100  dieukhienled7doan.c
  810     0   0  C:\Program Files (x86)\PICC\Devices\16F887.h
----- -----
  853    22 Total

Page ROM  %  RAM    Vol Diff  Functions:
---- --- --- ---    --- ----  ----------
0     20  14    1             @delay_ms1
0    115  83    1    497  4.7  main
 Inline         0             @cinit1

Program metrics:
    Functions               1
    Statements              22
    Comments                135
    Volume (V)              502
    Difficulty (D)          4.5
    Effort to implement (E) 2260
    Time to implement (T)   2 minutes
    Est Delivered Bugs (B)  0
    Cyclomatic Complexity   3
    Maintainability (MI)    50

 Segment     Used  Free
-----------  ----  ----
00000-00003     4  0  
00004-007FF   135  1909  
00800-00FFF     0  2048  
01000-017FF     0  2048  
01800-01FFF     0  2048  



