
ROM used:   984/8192 (12%)
            984/8192 (12%) including unused fragments

            0.7 Average locations per line
            8.1 Average locations per statement

RAM used:   13/368 (4%) at main() level
            30/368 (8%) worst case

Stack used: 5 worst case (5 in main + 0 for interrupts)
Stack size: 8

Lines Stmts  %   Files
----- ----- ---  -----
   62    38  31  ktrabai2.c
  810     0   0  C:\Program Files (x86)\PICC\Devices\16F887.h
  456    84  69  C:\Program Files (x86)\PICC\Drivers\lcd.c
----- -----
 1328   122 Total

Page ROM  %  RAM    Vol Diff  Functions:
---- --- --- ---    --- ----  ----------
0     20   2    1             @delay_ms1
 Inline         3    596  5.9  lcd_read_byte
0      6   1    0     59  4.2  lcd_read_nibble
0     13   1    1    179  3.3  lcd_send_nibble
0     64   7    3    460  4.7  lcd_send_byte
0     62   6    6    814  7.2  lcd_init
0     18   2    4    208  6.3  lcd_gotoxy
0     44   4    1    354  4.7  lcd_putc
0    298  30    2   1109  5.7  MAIN
0     29   3    2             @ITOF
0    202  21   14             @DIVFF
0     31   3    4             @SFTOI
0     99  10    9             @PRINTF_LU_733
0      2   0    0             @const760
0     86   9    4             @PSTRINGC7_733
0      2   0    0             @const765
0      2   0    0             @const767
0      2   0    0             @const768
 Inline         0             @cinit1

Program metrics:
    Functions               8
    Statements              122
    Comments                235
    Volume (V)              5608
    Difficulty (D)          39.1
    Effort to implement (E) 219465
    Time to implement (T)   3 hours, 23 minutes
    Est Delivered Bugs (B)  1
    Cyclomatic Complexity   11
    Maintainability (MI)    135

 Segment     Used  Free
-----------  ----  ----
00000-00003     4  0  
00004-007FF   980  1064  
00800-00FFF     0  2048  
01000-017FF     0  2048  
01800-01FFF     0  2048  



