
ROM used:   331/8192 (4%)
            331/8192 (4%) including unused fragments

            0.4 Average locations per line
            5.5 Average locations per statement

RAM used:   22/368 (6%) at main() level
            22/368 (6%) worst case

Stack used: 1 worst case (1 in main + 0 for interrupts)
Stack size: 8

Lines Stmts  %   Files
----- ----- ---  -----
   78    60 100  ktrabai1.c
  810     0   0  C:\Program Files (x86)\PICC\Devices\16F887.h
----- -----
  888    60 Total

Page ROM  %  RAM    Vol Diff  Functions:
---- --- --- ---    --- ----  ----------
0     20   6    1             @delay_ms1
0    307  93    1   1924  6.9  main
 Inline         0             @cinit1

Program metrics:
    Functions               1
    Statements              60
    Comments                141
    Volume (V)              1930
    Difficulty (D)          6.8
    Effort to implement (E) 13053
    Time to implement (T)   12 minutes
    Est Delivered Bugs (B)  0
    Cyclomatic Complexity   13
    Maintainability (MI)    40

 Segment     Used  Free
-----------  ----  ----
00000-00003     4  0  
00004-007FF   327  1717  
00800-00FFF     0  2048  
01000-017FF     0  2048  
01800-01FFF     0  2048  



