
ROM used:   1624/8192 (20%)
            1624/8192 (20%) including unused fragments

            1.2 Average locations per line
            9.7 Average locations per statement

RAM used:   20/368 (5%) at main() level
            35/368 (10%) worst case

Stack used: 5 worst case (5 in main + 0 for interrupts)
Stack size: 8

Lines Stmts  %   Files
----- ----- ---  -----
  119    83  50  ktrabai3.c
  810     0   0  C:\Program Files (x86)\PICC\Devices\16F887.h
  456    84  50  C:\Program Files (x86)\PICC\Drivers\lcd.c
----- -----
 1385   167 Total

Page ROM  %  RAM    Vol Diff  Functions:
---- --- --- ---    --- ----  ----------
0     20   1    1             @delay_ms1
 Inline         3    596  5.9  lcd_read_byte
0      6   0    0     59  4.2  lcd_read_nibble
0     13   1    1    179  3.3  lcd_send_nibble
0     64   4    3    460  4.7  lcd_send_byte
0     62   4    6    814  7.2  lcd_init
0     18   1    4    208  6.3  lcd_gotoxy
0     44   3    1    354  4.7  lcd_putc
0     14   1    0             @const750
0    758  47    4   2916  8.3  MAIN
0     29   2    2             @ITOF
0    119   7   13             @MULFF
0    202  12   14    171  5.5  @DIVFF
0     31   2    4   9207  9.4  @SFTOI
0     39   2    5             @DIV1616
0     99   6    9             @PRINTF_LU_733
0      2   0    0             @const772
0     86   5    4             @PSTRINGC7_733
0      2   0    0             @const777
0      2   0    0             @const779
0      2   0    0             @const780
0      2   0    0             @const782
0      2   0    0             @const783
0      2   0    0             @const785
0      2   0    0             @const786
 Inline         0             @cinit1

Program metrics:
    Functions               10
    Statements              167
    Comments                235
    Volume (V)              19277
    Difficulty (D)          55.5
    Effort to implement (E) 1069889
    Time to implement (T)   16 hours, 31 minutes
    Est Delivered Bugs (B)  3
    Cyclomatic Complexity   33
    Maintainability (MI)    132

 Segment     Used  Free
-----------  ----  ----
00000-00003     4  0  
00004-007FF  1620  424  
00800-00FFF     0  2048  
01000-017FF     0  2048  
01800-01FFF     0  2048  



