
ROM used:   922/8192 (11%)
            922/8192 (11%) including unused fragments

            0.7 Average locations per line
            8.5 Average locations per statement

RAM used:   9/368 (2%) at main() level
            26/368 (7%) worst case

Stack used: 5 worst case (5 in main + 0 for interrupts)
Stack size: 8

Lines Stmts  %   Files
----- ----- ---  -----
   43    25  23  lcd-adc.c
  810     0   0  C:\Program Files (x86)\PICC\Devices\16F887.h
  456    84  77  C:\Program Files (x86)\PICC\Drivers\lcd.c
----- -----
 1309   109 Total

Page ROM  %  RAM    Vol Diff  Functions:
---- --- --- ---    --- ----  ----------
0     20   2    1             @delay_ms1
 Inline         3    596  5.9  lcd_read_byte
0      6   1    0     59  4.2  lcd_read_nibble
0     13   1    1    179  3.3  lcd_send_nibble
0     64   7    3    460  4.7  lcd_send_byte
0     62   7    6    814  7.2  lcd_init
0     18   2    4    208  6.3  lcd_gotoxy
0     44   5    1    354  4.7  lcd_putc
0    227  25    2    775  3.7  MAIN
0      5   1    0             @const749
0     87   9    5             @PSTRINGCN7_733
0     99  11    9             @PRINTF_LU_733
0     31   3    2             @ITOF
0    204  22   14             @DIVFF
0     33   4    4             @SFTOI
0      5   1    0             @const762
 Inline         0             @cinit1

Program metrics:
    Functions               8
    Statements              109
    Comments                235
    Volume (V)              5176
    Difficulty (D)          37.4
    Effort to implement (E) 193586
    Time to implement (T)   2 hours, 59 minutes
    Est Delivered Bugs (B)  1
    Cyclomatic Complexity   8
    Maintainability (MI)    138

 Segment     Used  Free
-----------  ----  ----
00000-00003     4  0  
00004-007FF   918  1126  
00800-00FFF     0  2048  
01000-017FF     0  2048  
01800-01FFF     0  2048  



